[realestateassistance.minyawns.com/index.html]
[backblue.gif]
[fade.gif]
[index.html]
[d9hhrg4mnvzow.cloudfront.net/realestateassistance.minyawns.com/realestate-landing-bgr1.original.jpg]
[d9hhrg4mnvzow.cloudfront.net/realestateassistance.minyawns.com/polar-image-10.original.png]
[ajax.googleapis.com/ajax/libs/jquery/1.4.2/jquery.min.js]
[realestateassistance.minyawns.com/PIE.htc]
[d2xxq4ijfwetlm.cloudfront.net/m/lp-webapp/api/unbounce.js]
[d2xxq4ijfwetlm.cloudfront.net/m/lp-webapp/0.0.9/lp-text/2.8/main.js]
[d2xxq4ijfwetlm.cloudfront.net/m/lp-webapp/0.0.9/lp-button/2.1/main.js]
[ajax.googleapis.com/ajax/libs/webfont/1.4.7/webfont.js]
[d9hhrg4mnvzow.cloudfront.net/realestateassistance.minyawns.com/xom39g-minyawnslogouw_05801p05801p000000.png]
[d9hhrg4mnvzow.cloudfront.net/realestateassistance.minyawns.com/1hqns8r-triangle-white.png]
[d9hhrg4mnvzow.cloudfront.net/realestateassistance.minyawns.com/12doq4e-polar-triangle-blue.png]
[d9hhrg4mnvzow.cloudfront.net/realestateassistance.minyawns.com/150r6ll-testimonial-man_01e01e01e01e000000.jpg]
[d9hhrg4mnvzow.cloudfront.net/realestateassistance.minyawns.com/135mqmc-icon1_047047047047000000.png]
[d9hhrg4mnvzow.cloudfront.net/realestateassistance.minyawns.com/97hrgu-selection_08l05z08l05z000000.jpg]
[d9hhrg4mnvzow.cloudfront.net/realestateassistance.minyawns.com/1qqgss0-icon4_04q04q04q04q000000.png]
[d9hhrg4mnvzow.cloudfront.net/realestateassistance.minyawns.com/zvevoe-icon5_04q04q04q04q000000.png]
[d9hhrg4mnvzow.cloudfront.net/realestateassistance.minyawns.com/mo6o8q-icon2_04q04q04q04q000000.png]
[d9hhrg4mnvzow.cloudfront.net/realestateassistance.minyawns.com/3b112g-icon3_04q04q04q04q000000.png]
[d9hhrg4mnvzow.cloudfront.net/realestateassistance.minyawns.com/1ah1h4u-quotesblank_0en03q0en03q000000.png]
[realestateassistance.minyawns.com/index.html]
[d9hhrg4mnvzow.cloudfront.net/realestateassistance.minyawns.com/reset-81c62fcc415bd2d6fa009d66c47174b6.css]
[d9hhrg4mnvzow.cloudfront.net/realestateassistance.minyawns.com/page_defaults-51106e3201e46dda1a87a862c399c420.css]
[realestateassistance.minyawns.com/clkn/http/www.minyawns.com/index.html]
[d9hhrg4mnvzow.cloudfront.net/images/icons/close.png]
[d9hhrg4mnvzow.cloudfront.net/images/transparent.gif]
